<?xml version="1.0" encoding="UTF-8"?>
<testng-results skipped="0" failed="0" ignored="0" total="0" passed="0">
  <reporter-output>
  </reporter-output>
  <suite name="com.Xero.XeroTestCases.TestCases" duration-ms="5" started-at="2019-03-31T23:00:06Z" finished-at="2019-03-31T23:00:06Z">
    <groups>
    </groups>
    <test name="Command line test" duration-ms="5" started-at="2019-03-31T23:00:06Z" finished-at="2019-03-31T23:00:06Z">
    </test> <!-- Command line test -->
  </suite> <!-- com.Xero.XeroTestCases.TestCases -->
</testng-results>
